<?xml version="1.0" encoding="UTF-8"?>
<testsuite xmlns:xsi="http://www.w3.org/2001/XMLSchema-instance" xsi:noNamespaceSchemaLocation="https://maven.apache.org/surefire/maven-surefire-plugin/xsd/surefire-test-report-3.0.xsd" version="3.0" name="OpenMeteoTest" time="0.006" tests="0" errors="0" skipped="0" failures="0">
  <properties>
    <property name="java.specification.version" value="19"/>
    <property name="sun.cpu.isalist" value="amd64"/>
    <property name="sun.jnu.encoding" value="Cp1252"/>
    <property name="java.class.path" value="C:\Users\PC07.DESKTOP-GIHK53R.000\Desktop\VirtualAssistant\Virtual Assistant\Virtual Assistant\services\target\test-classes;C:\Users\PC07.DESKTOP-GIHK53R.000\Desktop\VirtualAssistant\Virtual Assistant\Virtual Assistant\services\target\classes;C:\Users\PC07.DESKTOP-GIHK53R.000\.m2\repository\com\google\code\gson\gson\2.11.0\gson-2.11.0.jar;C:\Users\PC07.DESKTOP-GIHK53R.000\.m2\repository\com\google\errorprone\error_prone_annotations\2.27.0\error_prone_annotations-2.27.0.jar;C:\Users\PC07.DESKTOP-GIHK53R.000\.m2\repository\org\json\json\20250107\json-20250107.jar;C:\Users\PC07.DESKTOP-GIHK53R.000\.m2\repository\com\squareup\okhttp3\okhttp\4.12.0\okhttp-4.12.0.jar;C:\Users\PC07.DESKTOP-GIHK53R.000\.m2\repository\com\squareup\okio\okio\3.6.0\okio-3.6.0.jar;C:\Users\PC07.DESKTOP-GIHK53R.000\.m2\repository\com\squareup\okio\okio-jvm\3.6.0\okio-jvm-3.6.0.jar;C:\Users\PC07.DESKTOP-GIHK53R.000\.m2\repository\org\jetbrains\kotlin\kotlin-stdlib-common\1.9.10\kotlin-stdlib-common-1.9.10.jar;C:\Users\PC07.DESKTOP-GIHK53R.000\.m2\repository\org\jetbrains\kotlin\kotlin-stdlib-jdk8\1.8.21\kotlin-stdlib-jdk8-1.8.21.jar;C:\Users\PC07.DESKTOP-GIHK53R.000\.m2\repository\org\jetbrains\kotlin\kotlin-stdlib\1.8.21\kotlin-stdlib-1.8.21.jar;C:\Users\PC07.DESKTOP-GIHK53R.000\.m2\repository\org\jetbrains\annotations\13.0\annotations-13.0.jar;C:\Users\PC07.DESKTOP-GIHK53R.000\.m2\repository\org\jetbrains\kotlin\kotlin-stdlib-jdk7\1.8.21\kotlin-stdlib-jdk7-1.8.21.jar;C:\Users\PC07.DESKTOP-GIHK53R.000\.m2\repository\org\apache\opennlp\opennlp-tools\2.5.3\opennlp-tools-2.5.3.jar;C:\Users\PC07.DESKTOP-GIHK53R.000\.m2\repository\org\slf4j\slf4j-api\2.0.16\slf4j-api-2.0.16.jar;C:\Users\PC07.DESKTOP-GIHK53R.000\.m2\repository\com\google\cloud\google-cloud-language\2.60.0\google-cloud-language-2.60.0.jar;C:\Users\PC07.DESKTOP-GIHK53R.000\.m2\repository\io\grpc\grpc-api\1.70.0\grpc-api-1.70.0.jar;C:\Users\PC07.DESKTOP-GIHK53R.000\.m2\repository\com\google\code\findbugs\jsr305\3.0.2\jsr305-3.0.2.jar;C:\Users\PC07.DESKTOP-GIHK53R.000\.m2\repository\io\grpc\grpc-stub\1.70.0\grpc-stub-1.70.0.jar;C:\Users\PC07.DESKTOP-GIHK53R.000\.m2\repository\org\codehaus\mojo\animal-sniffer-annotations\1.24\animal-sniffer-annotations-1.24.jar;C:\Users\PC07.DESKTOP-GIHK53R.000\.m2\repository\io\grpc\grpc-protobuf\1.70.0\grpc-protobuf-1.70.0.jar;C:\Users\PC07.DESKTOP-GIHK53R.000\.m2\repository\io\grpc\grpc-protobuf-lite\1.70.0\grpc-protobuf-lite-1.70.0.jar;C:\Users\PC07.DESKTOP-GIHK53R.000\.m2\repository\com\google\api\api-common\2.45.0\api-common-2.45.0.jar;C:\Users\PC07.DESKTOP-GIHK53R.000\.m2\repository\com\google\auto\value\auto-value-annotations\1.11.0\auto-value-annotations-1.11.0.jar;C:\Users\PC07.DESKTOP-GIHK53R.000\.m2\repository\javax\annotation\javax.annotation-api\1.3.2\javax.annotation-api-1.3.2.jar;C:\Users\PC07.DESKTOP-GIHK53R.000\.m2\repository\com\google\j2objc\j2objc-annotations\3.0.0\j2objc-annotations-3.0.0.jar;C:\Users\PC07.DESKTOP-GIHK53R.000\.m2\repository\com\google\protobuf\protobuf-java\3.25.5\protobuf-java-3.25.5.jar;C:\Users\PC07.DESKTOP-GIHK53R.000\.m2\repository\com\google\api\grpc\proto-google-common-protos\2.53.0\proto-google-common-protos-2.53.0.jar;C:\Users\PC07.DESKTOP-GIHK53R.000\.m2\repository\com\google\api\grpc\proto-google-cloud-language-v2\2.60.0\proto-google-cloud-language-v2-2.60.0.jar;C:\Users\PC07.DESKTOP-GIHK53R.000\.m2\repository\com\google\api\grpc\proto-google-iam-v1\1.48.0\proto-google-iam-v1-1.48.0.jar;C:\Users\PC07.DESKTOP-GIHK53R.000\.m2\repository\com\google\api\grpc\proto-google-cloud-language-v1\2.60.0\proto-google-cloud-language-v1-2.60.0.jar;C:\Users\PC07.DESKTOP-GIHK53R.000\.m2\repository\com\google\api\grpc\proto-google-cloud-language-v1beta2\0.147.0\proto-google-cloud-language-v1beta2-0.147.0.jar;C:\Users\PC07.DESKTOP-GIHK53R.000\.m2\repository\com\google\guava\guava\33.4.0-jre\guava-33.4.0-jre.jar;C:\Users\PC07.DESKTOP-GIHK53R.000\.m2\repository\com\google\guava\failureaccess\1.0.2\failureaccess-1.0.2.jar;C:\Users\PC07.DESKTOP-GIHK53R.000\.m2\repository\com\google\guava\listenablefuture\9999.0-empty-to-avoid-conflict-with-guava\listenablefuture-9999.0-empty-to-avoid-conflict-with-guava.jar;C:\Users\PC07.DESKTOP-GIHK53R.000\.m2\repository\org\checkerframework\checker-qual\3.49.0\checker-qual-3.49.0.jar;C:\Users\PC07.DESKTOP-GIHK53R.000\.m2\repository\com\google\api\gax\2.62.0\gax-2.62.0.jar;C:\Users\PC07.DESKTOP-GIHK53R.000\.m2\repository\com\google\auth\google-auth-library-credentials\1.33.1\google-auth-library-credentials-1.33.1.jar;C:\Users\PC07.DESKTOP-GIHK53R.000\.m2\repository\com\google\protobuf\protobuf-java-util\3.25.5\protobuf-java-util-3.25.5.jar;C:\Users\PC07.DESKTOP-GIHK53R.000\.m2\repository\io\opencensus\opencensus-api\0.31.1\opencensus-api-0.31.1.jar;C:\Users\PC07.DESKTOP-GIHK53R.000\.m2\repository\io\grpc\grpc-context\1.70.0\grpc-context-1.70.0.jar;C:\Users\PC07.DESKTOP-GIHK53R.000\.m2\repository\com\google\auth\google-auth-library-oauth2-http\1.33.1\google-auth-library-oauth2-http-1.33.1.jar;C:\Users\PC07.DESKTOP-GIHK53R.000\.m2\repository\com\google\api\gax-grpc\2.62.0\gax-grpc-2.62.0.jar;C:\Users\PC07.DESKTOP-GIHK53R.000\.m2\repository\io\grpc\grpc-inprocess\1.70.0\grpc-inprocess-1.70.0.jar;C:\Users\PC07.DESKTOP-GIHK53R.000\.m2\repository\io\grpc\grpc-core\1.70.0\grpc-core-1.70.0.jar;C:\Users\PC07.DESKTOP-GIHK53R.000\.m2\repository\com\google\android\annotations\4.1.1.4\annotations-4.1.1.4.jar;C:\Users\PC07.DESKTOP-GIHK53R.000\.m2\repository\io\grpc\grpc-alts\1.70.0\grpc-alts-1.70.0.jar;C:\Users\PC07.DESKTOP-GIHK53R.000\.m2\repository\io\grpc\grpc-grpclb\1.70.0\grpc-grpclb-1.70.0.jar;C:\Users\PC07.DESKTOP-GIHK53R.000\.m2\repository\org\conscrypt\conscrypt-openjdk-uber\2.5.2\conscrypt-openjdk-uber-2.5.2.jar;C:\Users\PC07.DESKTOP-GIHK53R.000\.m2\repository\io\grpc\grpc-auth\1.70.0\grpc-auth-1.70.0.jar;C:\Users\PC07.DESKTOP-GIHK53R.000\.m2\repository\io\grpc\grpc-netty-shaded\1.70.0\grpc-netty-shaded-1.70.0.jar;C:\Users\PC07.DESKTOP-GIHK53R.000\.m2\repository\io\grpc\grpc-util\1.70.0\grpc-util-1.70.0.jar;C:\Users\PC07.DESKTOP-GIHK53R.000\.m2\repository\io\perfmark\perfmark-api\0.27.0\perfmark-api-0.27.0.jar;C:\Users\PC07.DESKTOP-GIHK53R.000\.m2\repository\io\grpc\grpc-googleapis\1.70.0\grpc-googleapis-1.70.0.jar;C:\Users\PC07.DESKTOP-GIHK53R.000\.m2\repository\io\grpc\grpc-xds\1.70.0\grpc-xds-1.70.0.jar;C:\Users\PC07.DESKTOP-GIHK53R.000\.m2\repository\io\grpc\grpc-services\1.70.0\grpc-services-1.70.0.jar;C:\Users\PC07.DESKTOP-GIHK53R.000\.m2\repository\com\google\re2j\re2j\1.7\re2j-1.7.jar;C:\Users\PC07.DESKTOP-GIHK53R.000\.m2\repository\com\google\api\gax-httpjson\2.62.0\gax-httpjson-2.62.0.jar;C:\Users\PC07.DESKTOP-GIHK53R.000\.m2\repository\com\google\http-client\google-http-client\1.46.3\google-http-client-1.46.3.jar;C:\Users\PC07.DESKTOP-GIHK53R.000\.m2\repository\org\apache\httpcomponents\httpclient\4.5.14\httpclient-4.5.14.jar;C:\Users\PC07.DESKTOP-GIHK53R.000\.m2\repository\commons-codec\commons-codec\1.18.0\commons-codec-1.18.0.jar;C:\Users\PC07.DESKTOP-GIHK53R.000\.m2\repository\org\apache\httpcomponents\httpcore\4.4.16\httpcore-4.4.16.jar;C:\Users\PC07.DESKTOP-GIHK53R.000\.m2\repository\io\opencensus\opencensus-contrib-http-util\0.31.1\opencensus-contrib-http-util-0.31.1.jar;C:\Users\PC07.DESKTOP-GIHK53R.000\.m2\repository\com\google\http-client\google-http-client-gson\1.46.3\google-http-client-gson-1.46.3.jar;C:\Users\PC07.DESKTOP-GIHK53R.000\.m2\repository\org\threeten\threetenbp\1.7.0\threetenbp-1.7.0.jar;C:\Users\PC07.DESKTOP-GIHK53R.000\.m2\repository\org\slf4j\slf4j-nop\2.0.17\slf4j-nop-2.0.17.jar;"/>
    <property name="java.vm.vendor" value="Amazon.com Inc."/>
    <property name="sun.arch.data.model" value="64"/>
    <property name="user.variant" value=""/>
    <property name="java.vendor.url" value="https://aws.amazon.com/corretto/"/>
    <property name="user.timezone" value="Atlantic/Canary"/>
    <property name="os.name" value="Windows 10"/>
    <property name="java.vm.specification.version" value="19"/>
    <property name="sun.java.launcher" value="SUN_STANDARD"/>
    <property name="user.country" value="ES"/>
    <property name="sun.boot.library.path" value="C:\Users\PC07.DESKTOP-GIHK53R.000\.jdks\corretto-19.0.2\bin"/>
    <property name="sun.java.command" value="C:\Users\PC07.DESKTOP-GIHK53R.000\AppData\Local\Temp\surefire15035809801076510054\surefirebooter-20250415110433418_3.jar C:\Users\PC07.DESKTOP-GIHK53R.000\AppData\Local\Temp\surefire15035809801076510054 2025-04-15T11-04-33_316-jvmRun1 surefire-20250415110433418_1tmp surefire_0-20250415110433418_2tmp"/>
    <property name="jdk.debug" value="release"/>
    <property name="surefire.test.class.path" value="C:\Users\PC07.DESKTOP-GIHK53R.000\Desktop\VirtualAssistant\Virtual Assistant\Virtual Assistant\services\target\test-classes;C:\Users\PC07.DESKTOP-GIHK53R.000\Desktop\VirtualAssistant\Virtual Assistant\Virtual Assistant\services\target\classes;C:\Users\PC07.DESKTOP-GIHK53R.000\.m2\repository\com\google\code\gson\gson\2.11.0\gson-2.11.0.jar;C:\Users\PC07.DESKTOP-GIHK53R.000\.m2\repository\com\google\errorprone\error_prone_annotations\2.27.0\error_prone_annotations-2.27.0.jar;C:\Users\PC07.DESKTOP-GIHK53R.000\.m2\repository\org\json\json\20250107\json-20250107.jar;C:\Users\PC07.DESKTOP-GIHK53R.000\.m2\repository\com\squareup\okhttp3\okhttp\4.12.0\okhttp-4.12.0.jar;C:\Users\PC07.DESKTOP-GIHK53R.000\.m2\repository\com\squareup\okio\okio\3.6.0\okio-3.6.0.jar;C:\Users\PC07.DESKTOP-GIHK53R.000\.m2\repository\com\squareup\okio\okio-jvm\3.6.0\okio-jvm-3.6.0.jar;C:\Users\PC07.DESKTOP-GIHK53R.000\.m2\repository\org\jetbrains\kotlin\kotlin-stdlib-common\1.9.10\kotlin-stdlib-common-1.9.10.jar;C:\Users\PC07.DESKTOP-GIHK53R.000\.m2\repository\org\jetbrains\kotlin\kotlin-stdlib-jdk8\1.8.21\kotlin-stdlib-jdk8-1.8.21.jar;C:\Users\PC07.DESKTOP-GIHK53R.000\.m2\repository\org\jetbrains\kotlin\kotlin-stdlib\1.8.21\kotlin-stdlib-1.8.21.jar;C:\Users\PC07.DESKTOP-GIHK53R.000\.m2\repository\org\jetbrains\annotations\13.0\annotations-13.0.jar;C:\Users\PC07.DESKTOP-GIHK53R.000\.m2\repository\org\jetbrains\kotlin\kotlin-stdlib-jdk7\1.8.21\kotlin-stdlib-jdk7-1.8.21.jar;C:\Users\PC07.DESKTOP-GIHK53R.000\.m2\repository\org\apache\opennlp\opennlp-tools\2.5.3\opennlp-tools-2.5.3.jar;C:\Users\PC07.DESKTOP-GIHK53R.000\.m2\repository\org\slf4j\slf4j-api\2.0.16\slf4j-api-2.0.16.jar;C:\Users\PC07.DESKTOP-GIHK53R.000\.m2\repository\com\google\cloud\google-cloud-language\2.60.0\google-cloud-language-2.60.0.jar;C:\Users\PC07.DESKTOP-GIHK53R.000\.m2\repository\io\grpc\grpc-api\1.70.0\grpc-api-1.70.0.jar;C:\Users\PC07.DESKTOP-GIHK53R.000\.m2\repository\com\google\code\findbugs\jsr305\3.0.2\jsr305-3.0.2.jar;C:\Users\PC07.DESKTOP-GIHK53R.000\.m2\repository\io\grpc\grpc-stub\1.70.0\grpc-stub-1.70.0.jar;C:\Users\PC07.DESKTOP-GIHK53R.000\.m2\repository\org\codehaus\mojo\animal-sniffer-annotations\1.24\animal-sniffer-annotations-1.24.jar;C:\Users\PC07.DESKTOP-GIHK53R.000\.m2\repository\io\grpc\grpc-protobuf\1.70.0\grpc-protobuf-1.70.0.jar;C:\Users\PC07.DESKTOP-GIHK53R.000\.m2\repository\io\grpc\grpc-protobuf-lite\1.70.0\grpc-protobuf-lite-1.70.0.jar;C:\Users\PC07.DESKTOP-GIHK53R.000\.m2\repository\com\google\api\api-common\2.45.0\api-common-2.45.0.jar;C:\Users\PC07.DESKTOP-GIHK53R.000\.m2\repository\com\google\auto\value\auto-value-annotations\1.11.0\auto-value-annotations-1.11.0.jar;C:\Users\PC07.DESKTOP-GIHK53R.000\.m2\repository\javax\annotation\javax.annotation-api\1.3.2\javax.annotation-api-1.3.2.jar;C:\Users\PC07.DESKTOP-GIHK53R.000\.m2\repository\com\google\j2objc\j2objc-annotations\3.0.0\j2objc-annotations-3.0.0.jar;C:\Users\PC07.DESKTOP-GIHK53R.000\.m2\repository\com\google\protobuf\protobuf-java\3.25.5\protobuf-java-3.25.5.jar;C:\Users\PC07.DESKTOP-GIHK53R.000\.m2\repository\com\google\api\grpc\proto-google-common-protos\2.53.0\proto-google-common-protos-2.53.0.jar;C:\Users\PC07.DESKTOP-GIHK53R.000\.m2\repository\com\google\api\grpc\proto-google-cloud-language-v2\2.60.0\proto-google-cloud-language-v2-2.60.0.jar;C:\Users\PC07.DESKTOP-GIHK53R.000\.m2\repository\com\google\api\grpc\proto-google-iam-v1\1.48.0\proto-google-iam-v1-1.48.0.jar;C:\Users\PC07.DESKTOP-GIHK53R.000\.m2\repository\com\google\api\grpc\proto-google-cloud-language-v1\2.60.0\proto-google-cloud-language-v1-2.60.0.jar;C:\Users\PC07.DESKTOP-GIHK53R.000\.m2\repository\com\google\api\grpc\proto-google-cloud-language-v1beta2\0.147.0\proto-google-cloud-language-v1beta2-0.147.0.jar;C:\Users\PC07.DESKTOP-GIHK53R.000\.m2\repository\com\google\guava\guava\33.4.0-jre\guava-33.4.0-jre.jar;C:\Users\PC07.DESKTOP-GIHK53R.000\.m2\repository\com\google\guava\failureaccess\1.0.2\failureaccess-1.0.2.jar;C:\Users\PC07.DESKTOP-GIHK53R.000\.m2\repository\com\google\guava\listenablefuture\9999.0-empty-to-avoid-conflict-with-guava\listenablefuture-9999.0-empty-to-avoid-conflict-with-guava.jar;C:\Users\PC07.DESKTOP-GIHK53R.000\.m2\repository\org\checkerframework\checker-qual\3.49.0\checker-qual-3.49.0.jar;C:\Users\PC07.DESKTOP-GIHK53R.000\.m2\repository\com\google\api\gax\2.62.0\gax-2.62.0.jar;C:\Users\PC07.DESKTOP-GIHK53R.000\.m2\repository\com\google\auth\google-auth-library-credentials\1.33.1\google-auth-library-credentials-1.33.1.jar;C:\Users\PC07.DESKTOP-GIHK53R.000\.m2\repository\com\google\protobuf\protobuf-java-util\3.25.5\protobuf-java-util-3.25.5.jar;C:\Users\PC07.DESKTOP-GIHK53R.000\.m2\repository\io\opencensus\opencensus-api\0.31.1\opencensus-api-0.31.1.jar;C:\Users\PC07.DESKTOP-GIHK53R.000\.m2\repository\io\grpc\grpc-context\1.70.0\grpc-context-1.70.0.jar;C:\Users\PC07.DESKTOP-GIHK53R.000\.m2\repository\com\google\auth\google-auth-library-oauth2-http\1.33.1\google-auth-library-oauth2-http-1.33.1.jar;C:\Users\PC07.DESKTOP-GIHK53R.000\.m2\repository\com\google\api\gax-grpc\2.62.0\gax-grpc-2.62.0.jar;C:\Users\PC07.DESKTOP-GIHK53R.000\.m2\repository\io\grpc\grpc-inprocess\1.70.0\grpc-inprocess-1.70.0.jar;C:\Users\PC07.DESKTOP-GIHK53R.000\.m2\repository\io\grpc\grpc-core\1.70.0\grpc-core-1.70.0.jar;C:\Users\PC07.DESKTOP-GIHK53R.000\.m2\repository\com\google\android\annotations\4.1.1.4\annotations-4.1.1.4.jar;C:\Users\PC07.DESKTOP-GIHK53R.000\.m2\repository\io\grpc\grpc-alts\1.70.0\grpc-alts-1.70.0.jar;C:\Users\PC07.DESKTOP-GIHK53R.000\.m2\repository\io\grpc\grpc-grpclb\1.70.0\grpc-grpclb-1.70.0.jar;C:\Users\PC07.DESKTOP-GIHK53R.000\.m2\repository\org\conscrypt\conscrypt-openjdk-uber\2.5.2\conscrypt-openjdk-uber-2.5.2.jar;C:\Users\PC07.DESKTOP-GIHK53R.000\.m2\repository\io\grpc\grpc-auth\1.70.0\grpc-auth-1.70.0.jar;C:\Users\PC07.DESKTOP-GIHK53R.000\.m2\repository\io\grpc\grpc-netty-shaded\1.70.0\grpc-netty-shaded-1.70.0.jar;C:\Users\PC07.DESKTOP-GIHK53R.000\.m2\repository\io\grpc\grpc-util\1.70.0\grpc-util-1.70.0.jar;C:\Users\PC07.DESKTOP-GIHK53R.000\.m2\repository\io\perfmark\perfmark-api\0.27.0\perfmark-api-0.27.0.jar;C:\Users\PC07.DESKTOP-GIHK53R.000\.m2\repository\io\grpc\grpc-googleapis\1.70.0\grpc-googleapis-1.70.0.jar;C:\Users\PC07.DESKTOP-GIHK53R.000\.m2\repository\io\grpc\grpc-xds\1.70.0\grpc-xds-1.70.0.jar;C:\Users\PC07.DESKTOP-GIHK53R.000\.m2\repository\io\grpc\grpc-services\1.70.0\grpc-services-1.70.0.jar;C:\Users\PC07.DESKTOP-GIHK53R.000\.m2\repository\com\google\re2j\re2j\1.7\re2j-1.7.jar;C:\Users\PC07.DESKTOP-GIHK53R.000\.m2\repository\com\google\api\gax-httpjson\2.62.0\gax-httpjson-2.62.0.jar;C:\Users\PC07.DESKTOP-GIHK53R.000\.m2\repository\com\google\http-client\google-http-client\1.46.3\google-http-client-1.46.3.jar;C:\Users\PC07.DESKTOP-GIHK53R.000\.m2\repository\org\apache\httpcomponents\httpclient\4.5.14\httpclient-4.5.14.jar;C:\Users\PC07.DESKTOP-GIHK53R.000\.m2\repository\commons-codec\commons-codec\1.18.0\commons-codec-1.18.0.jar;C:\Users\PC07.DESKTOP-GIHK53R.000\.m2\repository\org\apache\httpcomponents\httpcore\4.4.16\httpcore-4.4.16.jar;C:\Users\PC07.DESKTOP-GIHK53R.000\.m2\repository\io\opencensus\opencensus-contrib-http-util\0.31.1\opencensus-contrib-http-util-0.31.1.jar;C:\Users\PC07.DESKTOP-GIHK53R.000\.m2\repository\com\google\http-client\google-http-client-gson\1.46.3\google-http-client-gson-1.46.3.jar;C:\Users\PC07.DESKTOP-GIHK53R.000\.m2\repository\org\threeten\threetenbp\1.7.0\threetenbp-1.7.0.jar;C:\Users\PC07.DESKTOP-GIHK53R.000\.m2\repository\org\slf4j\slf4j-nop\2.0.17\slf4j-nop-2.0.17.jar;"/>
    <property name="sun.cpu.endian" value="little"/>
    <property name="user.home" value="C:\Users\PC07.DESKTOP-GIHK53R.000"/>
    <property name="user.language" value="es"/>
    <property name="java.specification.vendor" value="Oracle Corporation"/>
    <property name="java.version.date" value="2023-01-17"/>
    <property name="java.home" value="C:\Users\PC07.DESKTOP-GIHK53R.000\.jdks\corretto-19.0.2"/>
    <property name="file.separator" value="\"/>
    <property name="basedir" value="C:\Users\PC07.DESKTOP-GIHK53R.000\Desktop\VirtualAssistant\Virtual Assistant\Virtual Assistant\services"/>
    <property name="java.vm.compressedOopsMode" value="Zero based"/>
    <property name="line.separator" value="&#10;"/>
    <property name="java.vm.specification.vendor" value="Oracle Corporation"/>
    <property name="java.specification.name" value="Java Platform API Specification"/>
    <property name="surefire.real.class.path" value="C:\Users\PC07.DESKTOP-GIHK53R.000\AppData\Local\Temp\surefire15035809801076510054\surefirebooter-20250415110433418_3.jar"/>
    <property name="user.script" value=""/>
    <property name="sun.management.compiler" value="HotSpot 64-Bit Tiered Compilers"/>
    <property name="java.runtime.version" value="19.0.2+7-FR"/>
    <property name="user.name" value="PC07"/>
    <property name="stdout.encoding" value="Cp1252"/>
    <property name="path.separator" value=";"/>
    <property name="os.version" value="10.0"/>
    <property name="java.runtime.name" value="OpenJDK Runtime Environment"/>
    <property name="file.encoding" value="UTF-8"/>
    <property name="java.vm.name" value="OpenJDK 64-Bit Server VM"/>
    <property name="java.vendor.version" value="Corretto-19.0.2.7.1"/>
    <property name="localRepository" value="C:\Users\PC07.DESKTOP-GIHK53R.000\.m2\repository"/>
    <property name="java.vendor.url.bug" value="https://github.com/corretto/corretto-19/issues/"/>
    <property name="java.io.tmpdir" value="C:\Users\PC07DE~1.000\AppData\Local\Temp\"/>
    <property name="idea.version" value="2024.3.5"/>
    <property name="java.version" value="19.0.2"/>
    <property name="user.dir" value="C:\Users\PC07.DESKTOP-GIHK53R.000\Desktop\VirtualAssistant\Virtual Assistant\Virtual Assistant\services"/>
    <property name="os.arch" value="amd64"/>
    <property name="java.vm.specification.name" value="Java Virtual Machine Specification"/>
    <property name="sun.os.patch.level" value=""/>
    <property name="native.encoding" value="Cp1252"/>
    <property name="java.library.path" value="C:\Users\PC07.DESKTOP-GIHK53R.000\.jdks\corretto-19.0.2\bin;C:\WINDOWS\Sun\Java\bin;C:\WINDOWS\system32;C:\WINDOWS;C:\Program Files\NVIDIA GPU Computing Toolkit\CUDA\v12.8\bin;C:\Program Files\NVIDIA GPU Computing Toolkit\CUDA\v12.8\libnvvp;C:\Program Files\Eclipse Adoptium\jdk-11.0.19.7-hotspot\bin;C:\Program Files\Eclipse Adoptium\jdk-20.0.1.9-hotspot\bin;C:\Program Files (x86)\Razer\ChromaBroadcast\bin;C:\Program Files\Razer\ChromaBroadcast\bin;C:\Program Files (x86)\Intel\iCLS Client\;C:\Program Files\Intel\iCLS Client\;C:\Windows\system32;C:\Windows;C:\Windows\System32\Wbem;C:\Windows\System32\WindowsPowerShell\v1.0\;C:\Program Files (x86)\Intel\Intel(R) Management Engine Components\DAL;C:\Program Files\Intel\Intel(R) Management Engine Components\DAL;C:\Program Files (x86)\Intel\Intel(R) Management Engine Components\IPT;C:\Program Files\Intel\Intel(R) Management Engine Components\IPT;C:\WINDOWS\system32;C:\WINDOWS;C:\WINDOWS\System32\Wbem;C:\WINDOWS\System32\WindowsPowerShell\v1.0\;C:\WINDOWS\System32\OpenSSH\;C:\WINDOWS\system32\config\systemprofile\AppData\Local\Microsoft\WindowsApps;C:\Program Files (x86)\Windows Kits\10\Windows Performance Toolkit\;C:\Program Files\dotnet\;C:\Program Files\Git\cmd;C:\Program Files\NVIDIA Corporation\NVIDIA app\NvDLISR;C:\Program Files (x86)\NVIDIA Corporation\PhysX\Common;C:\Program Files\NVIDIA Corporation\Nsight Compute 2025.1.0\;C:\Users\PC07.DESKTOP-GIHK53R.000\AppData\Local\Microsoft\WindowsApps;C:\Users\PC07.DESKTOP-GIHK53R.000\AppData\Local\Programs\Microsoft VS Code\bin;C:\Users\PC07.DESKTOP-GIHK53R.000\AppData\Local\Packages\PythonSoftwareFoundation.Python.3.10_qbz5n2kfra8p0\LocalCache\local-packages\Python310\Scripts;C:\ffmpeg\bin;C:\Users\PC07.DESKTOP-GIHK53R.000\.dotnet\tools;E:\cuda;;E:\IntelliJ IDEA 2024.3.3\bin;;C:\Users\PC07.DESKTOP-GIHK53R.000\AppData\Local\Programs\Ollama;."/>
    <property name="java.vm.info" value="mixed mode, sharing"/>
    <property name="stderr.encoding" value="Cp1252"/>
    <property name="java.vendor" value="Amazon.com Inc."/>
    <property name="java.vm.version" value="19.0.2+7-FR"/>
    <property name="sun.io.unicode.encoding" value="UnicodeLittle"/>
    <property name="java.class.version" value="63.0"/>
  </properties>
</testsuite>