<?xml version="1.0" encoding="UTF-8"?>
<testsuite xmlns:xsi="http://www.w3.org/2001/XMLSchema-instance" xsi:noNamespaceSchemaLocation="https://maven.apache.org/surefire/maven-surefire-plugin/xsd/surefire-test-report-3.0.xsd" version="3.0" name="TTSTest" time="0.009" tests="0" errors="0" skipped="0" failures="0">
  <properties>
    <property name="java.specification.version" value="19"/>
    <property name="sun.cpu.isalist" value="amd64"/>
    <property name="sun.jnu.encoding" value="Cp1252"/>
    <property name="java.class.path" value="C:\Users\Usuario\Desktop\Virtual Assistant\Virtual Assistant\output\target\test-classes;C:\Users\Usuario\Desktop\Virtual Assistant\Virtual Assistant\output\target\classes;C:\Users\Usuario\.m2\repository\com\google\cloud\google-cloud-texttospeech\2.53.0\google-cloud-texttospeech-2.53.0.jar;C:\Users\Usuario\.m2\repository\io\grpc\grpc-api\1.67.1\grpc-api-1.67.1.jar;C:\Users\Usuario\.m2\repository\com\google\code\findbugs\jsr305\3.0.2\jsr305-3.0.2.jar;C:\Users\Usuario\.m2\repository\com\google\errorprone\error_prone_annotations\2.33.0\error_prone_annotations-2.33.0.jar;C:\Users\Usuario\.m2\repository\io\grpc\grpc-stub\1.67.1\grpc-stub-1.67.1.jar;C:\Users\Usuario\.m2\repository\io\grpc\grpc-protobuf\1.67.1\grpc-protobuf-1.67.1.jar;C:\Users\Usuario\.m2\repository\io\grpc\grpc-protobuf-lite\1.67.1\grpc-protobuf-lite-1.67.1.jar;C:\Users\Usuario\.m2\repository\com\google\api\api-common\2.38.0\api-common-2.38.0.jar;C:\Users\Usuario\.m2\repository\com\google\auto\value\auto-value-annotations\1.11.0\auto-value-annotations-1.11.0.jar;C:\Users\Usuario\.m2\repository\javax\annotation\javax.annotation-api\1.3.2\javax.annotation-api-1.3.2.jar;C:\Users\Usuario\.m2\repository\com\google\j2objc\j2objc-annotations\3.0.0\j2objc-annotations-3.0.0.jar;C:\Users\Usuario\.m2\repository\com\google\protobuf\protobuf-java\3.25.5\protobuf-java-3.25.5.jar;C:\Users\Usuario\.m2\repository\com\google\api\grpc\proto-google-common-protos\2.46.0\proto-google-common-protos-2.46.0.jar;C:\Users\Usuario\.m2\repository\com\google\api\grpc\proto-google-cloud-texttospeech-v1\2.53.0\proto-google-cloud-texttospeech-v1-2.53.0.jar;C:\Users\Usuario\.m2\repository\com\google\api\grpc\proto-google-cloud-texttospeech-v1beta1\0.142.0\proto-google-cloud-texttospeech-v1beta1-0.142.0.jar;C:\Users\Usuario\.m2\repository\com\google\guava\guava\33.3.1-jre\guava-33.3.1-jre.jar;C:\Users\Usuario\.m2\repository\com\google\guava\failureaccess\1.0.2\failureaccess-1.0.2.jar;C:\Users\Usuario\.m2\repository\com\google\guava\listenablefuture\9999.0-empty-to-avoid-conflict-with-guava\listenablefuture-9999.0-empty-to-avoid-conflict-with-guava.jar;C:\Users\Usuario\.m2\repository\org\checkerframework\checker-qual\3.47.0\checker-qual-3.47.0.jar;C:\Users\Usuario\.m2\repository\com\google\api\gax\2.55.0\gax-2.55.0.jar;C:\Users\Usuario\.m2\repository\com\google\auth\google-auth-library-credentials\1.28.0\google-auth-library-credentials-1.28.0.jar;C:\Users\Usuario\.m2\repository\io\opencensus\opencensus-api\0.31.1\opencensus-api-0.31.1.jar;C:\Users\Usuario\.m2\repository\io\grpc\grpc-context\1.67.1\grpc-context-1.67.1.jar;C:\Users\Usuario\.m2\repository\com\google\auth\google-auth-library-oauth2-http\1.28.0\google-auth-library-oauth2-http-1.28.0.jar;C:\Users\Usuario\.m2\repository\com\google\api\gax-grpc\2.55.0\gax-grpc-2.55.0.jar;C:\Users\Usuario\.m2\repository\io\grpc\grpc-inprocess\1.67.1\grpc-inprocess-1.67.1.jar;C:\Users\Usuario\.m2\repository\io\grpc\grpc-core\1.67.1\grpc-core-1.67.1.jar;C:\Users\Usuario\.m2\repository\com\google\android\annotations\4.1.1.4\annotations-4.1.1.4.jar;C:\Users\Usuario\.m2\repository\org\codehaus\mojo\animal-sniffer-annotations\1.24\animal-sniffer-annotations-1.24.jar;C:\Users\Usuario\.m2\repository\io\grpc\grpc-alts\1.67.1\grpc-alts-1.67.1.jar;C:\Users\Usuario\.m2\repository\io\grpc\grpc-grpclb\1.67.1\grpc-grpclb-1.67.1.jar;C:\Users\Usuario\.m2\repository\org\conscrypt\conscrypt-openjdk-uber\2.5.2\conscrypt-openjdk-uber-2.5.2.jar;C:\Users\Usuario\.m2\repository\io\grpc\grpc-auth\1.67.1\grpc-auth-1.67.1.jar;C:\Users\Usuario\.m2\repository\io\grpc\grpc-netty-shaded\1.67.1\grpc-netty-shaded-1.67.1.jar;C:\Users\Usuario\.m2\repository\io\grpc\grpc-util\1.67.1\grpc-util-1.67.1.jar;C:\Users\Usuario\.m2\repository\io\perfmark\perfmark-api\0.27.0\perfmark-api-0.27.0.jar;C:\Users\Usuario\.m2\repository\io\grpc\grpc-googleapis\1.67.1\grpc-googleapis-1.67.1.jar;C:\Users\Usuario\.m2\repository\io\grpc\grpc-xds\1.67.1\grpc-xds-1.67.1.jar;C:\Users\Usuario\.m2\repository\io\grpc\grpc-services\1.67.1\grpc-services-1.67.1.jar;C:\Users\Usuario\.m2\repository\com\google\re2j\re2j\1.7\re2j-1.7.jar;C:\Users\Usuario\.m2\repository\com\google\api\gax-httpjson\2.55.0\gax-httpjson-2.55.0.jar;C:\Users\Usuario\.m2\repository\com\google\code\gson\gson\2.11.0\gson-2.11.0.jar;C:\Users\Usuario\.m2\repository\com\google\http-client\google-http-client\1.45.0\google-http-client-1.45.0.jar;C:\Users\Usuario\.m2\repository\org\apache\httpcomponents\httpclient\4.5.14\httpclient-4.5.14.jar;C:\Users\Usuario\.m2\repository\commons-codec\commons-codec\1.17.1\commons-codec-1.17.1.jar;C:\Users\Usuario\.m2\repository\org\apache\httpcomponents\httpcore\4.4.16\httpcore-4.4.16.jar;C:\Users\Usuario\.m2\repository\io\opencensus\opencensus-contrib-http-util\0.31.1\opencensus-contrib-http-util-0.31.1.jar;C:\Users\Usuario\.m2\repository\com\google\http-client\google-http-client-gson\1.45.0\google-http-client-gson-1.45.0.jar;C:\Users\Usuario\.m2\repository\com\google\protobuf\protobuf-java-util\3.25.5\protobuf-java-util-3.25.5.jar;C:\Users\Usuario\.m2\repository\org\threeten\threetenbp\1.7.0\threetenbp-1.7.0.jar;"/>
    <property name="java.vm.vendor" value="Oracle Corporation"/>
    <property name="sun.arch.data.model" value="64"/>
    <property name="user.variant" value=""/>
    <property name="java.vendor.url" value="https://java.oracle.com/"/>
    <property name="user.timezone" value="Atlantic/Canary"/>
    <property name="os.name" value="Windows 10"/>
    <property name="java.vm.specification.version" value="19"/>
    <property name="sun.java.launcher" value="SUN_STANDARD"/>
    <property name="user.country" value="ES"/>
    <property name="sun.boot.library.path" value="C:\Users\Usuario\.jdks\openjdk-19.0.1\bin"/>
    <property name="sun.java.command" value="C:\Users\Usuario\AppData\Local\Temp\surefire16754004571112656683\surefirebooter-20241125201514898_3.jar C:\Users\Usuario\AppData\Local\Temp\surefire16754004571112656683 2024-11-25T20-15-14_611-jvmRun1 surefire-20241125201514898_1tmp surefire_0-20241125201514898_2tmp"/>
    <property name="jdk.debug" value="release"/>
    <property name="surefire.test.class.path" value="C:\Users\Usuario\Desktop\Virtual Assistant\Virtual Assistant\output\target\test-classes;C:\Users\Usuario\Desktop\Virtual Assistant\Virtual Assistant\output\target\classes;C:\Users\Usuario\.m2\repository\com\google\cloud\google-cloud-texttospeech\2.53.0\google-cloud-texttospeech-2.53.0.jar;C:\Users\Usuario\.m2\repository\io\grpc\grpc-api\1.67.1\grpc-api-1.67.1.jar;C:\Users\Usuario\.m2\repository\com\google\code\findbugs\jsr305\3.0.2\jsr305-3.0.2.jar;C:\Users\Usuario\.m2\repository\com\google\errorprone\error_prone_annotations\2.33.0\error_prone_annotations-2.33.0.jar;C:\Users\Usuario\.m2\repository\io\grpc\grpc-stub\1.67.1\grpc-stub-1.67.1.jar;C:\Users\Usuario\.m2\repository\io\grpc\grpc-protobuf\1.67.1\grpc-protobuf-1.67.1.jar;C:\Users\Usuario\.m2\repository\io\grpc\grpc-protobuf-lite\1.67.1\grpc-protobuf-lite-1.67.1.jar;C:\Users\Usuario\.m2\repository\com\google\api\api-common\2.38.0\api-common-2.38.0.jar;C:\Users\Usuario\.m2\repository\com\google\auto\value\auto-value-annotations\1.11.0\auto-value-annotations-1.11.0.jar;C:\Users\Usuario\.m2\repository\javax\annotation\javax.annotation-api\1.3.2\javax.annotation-api-1.3.2.jar;C:\Users\Usuario\.m2\repository\com\google\j2objc\j2objc-annotations\3.0.0\j2objc-annotations-3.0.0.jar;C:\Users\Usuario\.m2\repository\com\google\protobuf\protobuf-java\3.25.5\protobuf-java-3.25.5.jar;C:\Users\Usuario\.m2\repository\com\google\api\grpc\proto-google-common-protos\2.46.0\proto-google-common-protos-2.46.0.jar;C:\Users\Usuario\.m2\repository\com\google\api\grpc\proto-google-cloud-texttospeech-v1\2.53.0\proto-google-cloud-texttospeech-v1-2.53.0.jar;C:\Users\Usuario\.m2\repository\com\google\api\grpc\proto-google-cloud-texttospeech-v1beta1\0.142.0\proto-google-cloud-texttospeech-v1beta1-0.142.0.jar;C:\Users\Usuario\.m2\repository\com\google\guava\guava\33.3.1-jre\guava-33.3.1-jre.jar;C:\Users\Usuario\.m2\repository\com\google\guava\failureaccess\1.0.2\failureaccess-1.0.2.jar;C:\Users\Usuario\.m2\repository\com\google\guava\listenablefuture\9999.0-empty-to-avoid-conflict-with-guava\listenablefuture-9999.0-empty-to-avoid-conflict-with-guava.jar;C:\Users\Usuario\.m2\repository\org\checkerframework\checker-qual\3.47.0\checker-qual-3.47.0.jar;C:\Users\Usuario\.m2\repository\com\google\api\gax\2.55.0\gax-2.55.0.jar;C:\Users\Usuario\.m2\repository\com\google\auth\google-auth-library-credentials\1.28.0\google-auth-library-credentials-1.28.0.jar;C:\Users\Usuario\.m2\repository\io\opencensus\opencensus-api\0.31.1\opencensus-api-0.31.1.jar;C:\Users\Usuario\.m2\repository\io\grpc\grpc-context\1.67.1\grpc-context-1.67.1.jar;C:\Users\Usuario\.m2\repository\com\google\auth\google-auth-library-oauth2-http\1.28.0\google-auth-library-oauth2-http-1.28.0.jar;C:\Users\Usuario\.m2\repository\com\google\api\gax-grpc\2.55.0\gax-grpc-2.55.0.jar;C:\Users\Usuario\.m2\repository\io\grpc\grpc-inprocess\1.67.1\grpc-inprocess-1.67.1.jar;C:\Users\Usuario\.m2\repository\io\grpc\grpc-core\1.67.1\grpc-core-1.67.1.jar;C:\Users\Usuario\.m2\repository\com\google\android\annotations\4.1.1.4\annotations-4.1.1.4.jar;C:\Users\Usuario\.m2\repository\org\codehaus\mojo\animal-sniffer-annotations\1.24\animal-sniffer-annotations-1.24.jar;C:\Users\Usuario\.m2\repository\io\grpc\grpc-alts\1.67.1\grpc-alts-1.67.1.jar;C:\Users\Usuario\.m2\repository\io\grpc\grpc-grpclb\1.67.1\grpc-grpclb-1.67.1.jar;C:\Users\Usuario\.m2\repository\org\conscrypt\conscrypt-openjdk-uber\2.5.2\conscrypt-openjdk-uber-2.5.2.jar;C:\Users\Usuario\.m2\repository\io\grpc\grpc-auth\1.67.1\grpc-auth-1.67.1.jar;C:\Users\Usuario\.m2\repository\io\grpc\grpc-netty-shaded\1.67.1\grpc-netty-shaded-1.67.1.jar;C:\Users\Usuario\.m2\repository\io\grpc\grpc-util\1.67.1\grpc-util-1.67.1.jar;C:\Users\Usuario\.m2\repository\io\perfmark\perfmark-api\0.27.0\perfmark-api-0.27.0.jar;C:\Users\Usuario\.m2\repository\io\grpc\grpc-googleapis\1.67.1\grpc-googleapis-1.67.1.jar;C:\Users\Usuario\.m2\repository\io\grpc\grpc-xds\1.67.1\grpc-xds-1.67.1.jar;C:\Users\Usuario\.m2\repository\io\grpc\grpc-services\1.67.1\grpc-services-1.67.1.jar;C:\Users\Usuario\.m2\repository\com\google\re2j\re2j\1.7\re2j-1.7.jar;C:\Users\Usuario\.m2\repository\com\google\api\gax-httpjson\2.55.0\gax-httpjson-2.55.0.jar;C:\Users\Usuario\.m2\repository\com\google\code\gson\gson\2.11.0\gson-2.11.0.jar;C:\Users\Usuario\.m2\repository\com\google\http-client\google-http-client\1.45.0\google-http-client-1.45.0.jar;C:\Users\Usuario\.m2\repository\org\apache\httpcomponents\httpclient\4.5.14\httpclient-4.5.14.jar;C:\Users\Usuario\.m2\repository\commons-codec\commons-codec\1.17.1\commons-codec-1.17.1.jar;C:\Users\Usuario\.m2\repository\org\apache\httpcomponents\httpcore\4.4.16\httpcore-4.4.16.jar;C:\Users\Usuario\.m2\repository\io\opencensus\opencensus-contrib-http-util\0.31.1\opencensus-contrib-http-util-0.31.1.jar;C:\Users\Usuario\.m2\repository\com\google\http-client\google-http-client-gson\1.45.0\google-http-client-gson-1.45.0.jar;C:\Users\Usuario\.m2\repository\com\google\protobuf\protobuf-java-util\3.25.5\protobuf-java-util-3.25.5.jar;C:\Users\Usuario\.m2\repository\org\threeten\threetenbp\1.7.0\threetenbp-1.7.0.jar;"/>
    <property name="sun.cpu.endian" value="little"/>
    <property name="user.home" value="C:\Users\Usuario"/>
    <property name="user.language" value="es"/>
    <property name="java.specification.vendor" value="Oracle Corporation"/>
    <property name="java.version.date" value="2022-10-18"/>
    <property name="java.home" value="C:\Users\Usuario\.jdks\openjdk-19.0.1"/>
    <property name="file.separator" value="\"/>
    <property name="basedir" value="C:\Users\Usuario\Desktop\Virtual Assistant\Virtual Assistant\output"/>
    <property name="java.vm.compressedOopsMode" value="Zero based"/>
    <property name="line.separator" value="&#10;"/>
    <property name="java.vm.specification.vendor" value="Oracle Corporation"/>
    <property name="java.specification.name" value="Java Platform API Specification"/>
    <property name="surefire.real.class.path" value="C:\Users\Usuario\AppData\Local\Temp\surefire16754004571112656683\surefirebooter-20241125201514898_3.jar"/>
    <property name="user.script" value=""/>
    <property name="sun.management.compiler" value="HotSpot 64-Bit Tiered Compilers"/>
    <property name="java.runtime.version" value="19.0.1+10-21"/>
    <property name="user.name" value="Usuario"/>
    <property name="stdout.encoding" value="Cp1252"/>
    <property name="path.separator" value=";"/>
    <property name="os.version" value="10.0"/>
    <property name="java.runtime.name" value="OpenJDK Runtime Environment"/>
    <property name="file.encoding" value="UTF-8"/>
    <property name="java.vm.name" value="OpenJDK 64-Bit Server VM"/>
    <property name="localRepository" value="C:\Users\Usuario\.m2\repository"/>
    <property name="java.vendor.url.bug" value="https://bugreport.java.com/bugreport/"/>
    <property name="java.io.tmpdir" value="C:\Users\Usuario\AppData\Local\Temp\"/>
    <property name="idea.version" value="2024.3"/>
    <property name="java.version" value="19.0.1"/>
    <property name="user.dir" value="C:\Users\Usuario\Desktop\Virtual Assistant\Virtual Assistant\output"/>
    <property name="os.arch" value="amd64"/>
    <property name="java.vm.specification.name" value="Java Virtual Machine Specification"/>
    <property name="sun.os.patch.level" value=""/>
    <property name="native.encoding" value="Cp1252"/>
    <property name="java.library.path" value="C:\Users\Usuario\.jdks\openjdk-19.0.1\bin;C:\WINDOWS\Sun\Java\bin;C:\WINDOWS\system32;C:\WINDOWS;C:\Program Files (x86)\Razer\ChromaBroadcast\bin;C:\Program Files\Razer\ChromaBroadcast\bin;C:\Program Files\NVIDIA GPU Computing Toolkit\CUDA\v11.8\bin;C:\Program Files\NVIDIA GPU Computing Toolkit\CUDA\v11.8\libnvvp;C:\Program Files\Common Files\Oracle\Java\javapath;c:\program files (x86)\common files\intel\shared libraries\redist\intel64\compiler;c:\windows\system32;c:\windows;c:\windows\system32\wbem;c:\windows\system32\windowspowershell\v1.0\;c:\windows\system32;c:\windows;c:\windows\system32\wbem;c:\windows\system32\windowspowershell\v1.0\;c:\windows\system32\openssh\;c:\windows\system32;c:\windows;c:\windows\system32\wbem;c:\windows\system32\windowspowershell\v1.0\;c:\windows\system32\openssh\;c:\program files\matlab\r2021a\bin;c:\program files\nvidia corporation\nvidia nvdlisr;C:\Program Files (x86)\NVIDIA Corporation\PhysX\Common;C:\Program Files\AutoFirma\AutoFirma;C:\Program Files\dotnet\;C:\Program Files\NVIDIA Corporation\Nsight Compute 2022.3.0\;C:\WINDOWS\system32\config\systemprofile\AppData\Local\Microsoft\WindowsApps;C:\Program Files\Git\cmd;C:\Program Files\Docker\Docker\resources\bin;C:\Users\Usuario\AppData\Roaming\TinyTeX\bin\win32;C:\Users\Usuario\AppData\Local\Programs\Python\Python38-32\Scripts\;C:\Users\Usuario\AppData\Local\Programs\Python\Python38-32\;C:\Users\Usuario\AppData\Local\Microsoft\WindowsApps;C:\Users\Usuario\AppData\Local\Programs\Microsoft VS Code\bin;C:\Users\Usuario\AppData\Local\Programs\MiKTeX\miktex\bin\x64\;C:\MinGW\bin;C:\Program Files\JetBrains\IntelliJ IDEA Community Edition 2022.2.3\bin;;C:\Users\Usuario\AppData\Local\GitHubDesktop\bin;C:\Program Files\JetBrains\PyCharm Community Edition 2022.2.3\bin;;C:\Program Files\JetBrains\CLion 2024.2.2\bin;;C:\Program Files\JetBrains\IntelliJ IDEA 2024.2.4\bin;;C:\Program Files (x86)\VideoLAN\VLC;C:\mingw32\bin;;."/>
    <property name="java.vm.info" value="mixed mode, sharing"/>
    <property name="stderr.encoding" value="Cp1252"/>
    <property name="java.vendor" value="Oracle Corporation"/>
    <property name="java.vm.version" value="19.0.1+10-21"/>
    <property name="sun.io.unicode.encoding" value="UnicodeLittle"/>
    <property name="java.class.version" value="63.0"/>
  </properties>
</testsuite>